<?xml version="1.0" encoding="UTF-8"?>
<!-- Generated by org.testng.reporters.JUnitReportReporter -->
<testsuite hostname="DESKTOP-T79D26N" failures="0" tests="1" name="amrutraibagi.Testclasses.ExtentReportDemo" time="7.312" errors="0" timestamp="2024-08-16T00:38:48 IST" skipped="0">
  <testcase classname="amrutraibagi.Testclasses.ExtentReportDemo" name="initializeDemo" time="7.312"/>
</testsuite> <!-- amrutraibagi.Testclasses.ExtentReportDemo -->
