<?xml version="1.0" encoding="UTF-8"?>
<!-- Generated by org.testng.reporters.JUnitReportReporter -->
<testsuite hostname="DESKTOP-T79D26N" failures="0" tests="3" name="amrutraibagi.DataDrivenFromExcel.DataProviderIntegrationWithExcel" time="0.016" errors="0" timestamp="2024-08-17T20:35:01 IST" skipped="0">
  <testcase classname="amrutraibagi.DataDrivenFromExcel.DataProviderIntegrationWithExcel" name="testCaseData" time="0.012"/>
  <testcase classname="amrutraibagi.DataDrivenFromExcel.DataProviderIntegrationWithExcel" name="testCaseData" time="0.002"/>
  <testcase classname="amrutraibagi.DataDrivenFromExcel.DataProviderIntegrationWithExcel" name="testCaseData" time="0.002"/>
</testsuite> <!-- amrutraibagi.DataDrivenFromExcel.DataProviderIntegrationWithExcel -->
