<?xml version="1.0" encoding="UTF-8"?>
<!-- Generated by org.testng.reporters.JUnitReportReporter -->
<testsuite hostname="DESKTOP-T79D26N" failures="0" tests="2" name="amrutraibagi.Testclasses.ErrorValidations" time="25.562" errors="0" timestamp="2024-08-16T14:26:06 IST" skipped="0">
  <testcase classname="amrutraibagi.Testclasses.ErrorValidations" name="loginErrorValidation" time="8.121"/>
  <testcase classname="amrutraibagi.Testclasses.ErrorValidations" name="SubmitZARAProduct" time="17.441"/>
</testsuite> <!-- amrutraibagi.Testclasses.ErrorValidations -->
