<?xml version="1.0" encoding="UTF-8"?>
<!-- Generated by org.testng.reporters.JUnitReportReporter -->
<testsuite hostname="DESKTOP-T79D26N" failures="0" tests="2" name="amrutraibagi.Testclasses.ErrorValidations" time="23.165" errors="0" timestamp="2024-08-17T16:13:04 IST" skipped="0">
  <testcase classname="amrutraibagi.Testclasses.ErrorValidations" name="SubmitZARAProduct" time="11.825"/>
  <testcase classname="amrutraibagi.Testclasses.ErrorValidations" name="loginErrorValidation" time="11.340"/>
</testsuite> <!-- amrutraibagi.Testclasses.ErrorValidations -->
