<?xml version="1.0" encoding="UTF-8"?>
<!-- Generated by org.testng.reporters.JUnitReportReporter -->
<testsuite hostname="DESKTOP-T79D26N" failures="0" tests="2" name="amrutraibagi.CucumberRunnerClasses.CucumberTestNGTestRunner" time="19.334" errors="0" timestamp="2024-08-16T18:31:51 IST" skipped="0">
  <testcase classname="amrutraibagi.CucumberRunnerClasses.CucumberTestNGTestRunner" name="runScenario" time="9.656"/>
  <testcase classname="amrutraibagi.CucumberRunnerClasses.CucumberTestNGTestRunner" name="runScenario" time="9.678"/>
</testsuite> <!-- amrutraibagi.CucumberRunnerClasses.CucumberTestNGTestRunner -->
